
 ---=== RegGen Generator initialisation ===---

 RegGen cards id: 3.02_1_r4-59              
 Reactions to generate:               8           8
 Reaction_probabilities              83
  1.0  1.000000000  2.0  1.000000000  3.0  1.000000000  4.0  1.000000000  5.0  1.000000000
  6.0  1.000000000  7.0  1.000000000  8.0  1.000000000  9.0  1.000000000 10.0  1.000000000
 11.0  1.000000000 12.0  1.000000000 13.0  1.000000000 14.0  1.000000000 15.0  1.000000000
 16.0  1.000000000 17.0  1.000000000 18.0  1.000000000 19.0  1.000000000 20.0  1.000000000
 21.0  1.000000000 22.0  1.000000000 23.0  1.000000000 24.0  1.000000000 25.0  1.000000000
 26.0  1.000000000 27.0  1.000000000 28.0  1.000000000 29.0  1.000000000 30.0  1.000000000
 31.0  1.000000000 32.0  1.000000000 33.0  1.000000000 34.0  1.000000000 35.0  1.000000000
 36.0  1.000000000 37.0  1.000000000 38.0  1.000000000 39.0  1.000000000 40.0  1.000000000
 41.0  1.000000000 42.0  1.000000000 43.0  1.000000000 44.0  1.000000000 45.0  1.000000000
 46.0  1.000000000 47.0  1.000000000 48.0  1.000000000 49.0  1.000000000 50.0  1.000000000
 51.0  1.000000000 52.0  1.000000000 53.0  1.000000000 54.0  1.000000000 55.0  1.000000000
 56.0  1.000000000 57.0  1.000000000 58.0  1.000000000 59.0  1.000000000 60.0  1.000000000
 61.0  1.000000000 62.0  1.000000000 63.0  1.000000000 64.0  1.000000000 65.0  1.000000000
 66.0  1.000000000 67.0  1.000000000 68.0  1.000000000 69.0  1.000000000 70.0  1.000000000
 71.0  1.000000000 72.0  1.000000000 73.0  1.000000000 74.0  1.000000000 75.0  1.000000000
 76.0  1.000000000 77.0  1.000000000 78.0  1.000000000 79.0  1.000000000 80.0  1.000000000
 81.0  1.000000000 82.0  1.000000000 83.0  1.000000000  0.0  0.000000000  0.0  0.000000000

 Particle_decay_corrections           3
 C_eta                     
   14. 0.5478620 0.0000000 0.0 4.0 0.39310  2.0  1.0  1.0  0.0  0.0
                                   0.32570  3.0 13.0 13.0 13.0  0.0
                                   0.22740  3.0 13.0  2.0  3.0  0.0
                                   0.04600  3.0  1.0  2.0  3.0  0.0
 C_f0(500)                 
   15. 0.4750000 0.5500000 0.0 2.0 0.33300  2.0 13.0 13.0  0.0  0.0
                                   0.66700  2.0  2.0  3.0  0.0  0.0
 C_omg                     
   19. 0.7826500 0.0085000 1.0 3.0 0.08280  2.0 13.0  1.0  0.0  0.0
                                   0.89200  3.0 13.0  2.0  3.0  0.0
                                   0.01530  2.0  2.0  3.0  0.0  0.0
 All_inclusive_processes:  

           1 pi0:
  1  1     2  1     3  1     4  1     5  1     6  1     7  1     8  1     9  1    10  1
 11  1    12  1    13  1    14  1    15  1    16  1    17  1    18  1    19  1    20  1
 21  1    22  1    23  1    24  1    25  1    26  1    27  1    28  1    29  1    30  1
 31  1    32  1    33  1    34  1    35  1    36  1    37  1    38  1    39  1    40  1
 41  1    42  1    43  1    44  1    45  1    46  1    47  1    48  1    49  1    50  1
 51  1    52  1    53  1    54  1    55  1    56  1    57  1    58  1    59  1    60  1
 61  1    62  1    63  1    64  1    65  1    66  1    67  1    68  1    69  1    70  1
 71  1    72  1    73  1    74  1    75  1    76  1    77  1    78  1    79  1    80  1
 81  1    82  1    83  1

           2 eta:
  1  1     2  1     3  1     4  1     5  1     6  1     7  1     8  1     9  1    10  1
 11  1    12  1    13  1    14  1    15  1    16  1    17  1    18  1    19  1    20  1
 21  1    22  1    23  1    24  1    25  1    26  1    27  1    28  1    29  1    30  1
 31  1    32  1    33  1    34  1    35  1    36  1    37  1    38  1    39  1    40  1
 41  1    42  2    43  1    44  1    45  1    46  1    47  1    48  1    49  1    50  1
 51  1    52  1    53  1    54  1    55  1    56  1    57  1    58  1    59  1    60  1
 61  1    62  1    63  1    64  1    65  1    66  1    67  1    68  1    69  1    70  1
 71  1    72  1    73  1    74  1    75  1    76  1    77  1    78  1    79  1    80  1
 81  1    82  1    83  1

           3 omg:
  1  1     2  1     3  1     4  1     5  1     6  1     7  1     8  1     9  1    10  1
 11  1    12  1    13  1    14  1    15  1    16  1    17  1    18  1    19  1    20  1
 21  1    22  1    23  1    24  1    25  1    26  1    27  1    28  1    29  1    30  1
 31  1    32  1    33  1    34  1    35  1    36  1    37  1    38  1    39  1    40  1
 41  1    42  1    43  1    44  1    45  1    46  1    47  1    48  1    49  1    50  1
 51  1    52  1    53  1    54  1    55  1    56  1    57  1    58  1    59  1    60  1
 61  1    62  1    63  1    64  1    65  1    66  1    67  1    68  1    69  1    70  1
 71  1    72  1    73  1    74  1    75  1    76  1    77  1    78  1    79  1    80  1
 81  1    82  1    83  1

           4 K0s:
  1  1     2  1     3  1     4  1     5  1     6  1     7  1     8  1     9  1    10  1
 11  1    12  1    13  1    14  1    15  1    16  1    17  1    18  1    19  1    20  1
 21  1    22  1    23  1    24  1    25  1    26  1    27  1    28  1    29  1    30  1
 31  1    32  1    33  1    34  1    35  1    36  1    37  1    38  1    39  1    40  1
 41  1    42  1    43  1    44  1    45  1    46  1    47  1    48  1    49  1    50  1
 51  1    52  1    53  1    54  1    55  1    56  1    57  1    58  1    59  1    60  1
 61  1    62  1    63  1    64  1    65  1    66  1    67  1    68  1    69  1    70  1
 71  1    72  1    73  1    74  1    75  1    76  1    77  1    78  1    79  1    80  1
 81  1    82  1    83  1

           5 f2 :
  1  1     2  1     3  1     4  1     5  1     6  1     7  1     8  1     9  1    10  1
 11  1    12  1    13  1    14  1    15  1    16  1    17  1    18  1    19  1    20  1
 21  1    22  1    23  1    24  1    25  1    26  1    27  1    28  1    29  1    30  1
 31  1    32  1    33  1    34  1    35  1    36  1    37  1    38  1    39  1    40  1
 41  1    42  1    43  1    44  1    45  1    46  1    47  1    48  1    49  1    50  1
 51  1    52  1    53  1    54  1    55  1    56  1    57  1    58  1    59  1    60  1
 61  1    62  1    63  1    64  1    65  1    66  1    67  1    68  1    69  1    70  1
 71  1    72  1    73  1    74  1    75  1    76  1    77  1    78  1    79  1    80  1
 81  1    82  1    83  1
 Inclusive_reaction:       false ==> go to exclusive reactions
 .............................................................

 Exclusive generation of reactions:           8           8
 =============================================================

 Reaction numbers:           8           8
 Jrec, Prob =           8   1.00000000    

 Particles:
 Particle, Stable, jpar=           1 Y    

 Particle, Stable, jpar=           2 pi+  

 Particle, Stable, jpar=           3 pi-  

 Particle, Stable, jpar=           4 K+   

 Particle, Stable, jpar=           5 K-   

 Particle, Stable, jpar=           6 K0L  

 Particle, Stable, jpar=           7 p    

 Particle, Stable, jpar=           8 n    

 Particle, Stable, jpar=           9 Lamda

 Particle, Stable, jpar=          10 Sigm+

 Particle, Stable, jpar=          11 Sigm-

 Particle, Stable, jpar=          12 Sigm0

 Particle, Decay, Prob.=          13           1   1.00000000    

 Particle, Decay, Prob.=          14           1  0.396190286    
 Particle, Decay, Prob.=          14           2  0.724450707    
 Particle, Decay, Prob.=          14           3  0.953638375    
 Particle, Decay, Prob.=          14           4   1.00000000    

 Particle, Decay, Prob.=          15           1  0.333000004    
 Particle, Decay, Prob.=          15           2   1.00000000    

 Particle, Decay, Prob.=          16           1   1.00000000    

 Particle, Decay, Prob.=          17           1   1.00000000    

 Particle, Decay, Prob.=          18           1   1.00000000    

 Particle, Decay, Prob.=          19           1   8.36279169E-02
 Particle, Decay, Prob.=          19           2  0.984547079    
 Particle, Decay, Prob.=          19           3   1.00000012    

 Particle, Decay, Prob.=          20           1  0.224957138    
 Particle, Decay, Prob.=          20           2  0.657722235    
 Particle, Decay, Prob.=          20           3  0.951276183    
 Particle, Decay, Prob.=          20           4  0.977706134    
 Particle, Decay, Prob.=          20           5   1.00000012    

 Particle, Decay, Prob.=          21           1  0.333000004    
 Particle, Decay, Prob.=          21           2   1.00000000    

 Particle, Decay, Prob.=          22           1   1.00000000    

 Particle, Decay, Prob.=          23           1   1.00000000    

 Particle, Decay, Prob.=          24           1   1.00000000    

 Particle, Decay, Prob.=          25           1   1.00000000    

 Particle, Decay, Prob.=          26           1   1.00000000    

 Particle, Decay, Prob.=          27           1  0.281714678    
 Particle, Decay, Prob.=          27           2  0.845144033    
 Particle, Decay, Prob.=          27           3  0.924110293    
 Particle, Decay, Prob.=          27           4  0.947697639    
 Particle, Decay, Prob.=          27           5  0.953594446    
 Particle, Decay, Prob.=          27           6  0.965388119    
 Particle, Decay, Prob.=          27           7  0.971284926    
 Particle, Decay, Prob.=          27           8  0.999999940    

 Particle, Decay, Prob.=          28           1  0.183333337    
 Particle, Decay, Prob.=          28           2  0.275000006    
 Particle, Decay, Prob.=          28           3  0.566666722    
 Particle, Decay, Prob.=          28           4  0.700000048    
 Particle, Decay, Prob.=          28           5  0.800000072    
 Particle, Decay, Prob.=          28           6  0.900000095    
 Particle, Decay, Prob.=          28           7   1.00000012    

 Particle, Decay, Prob.=          29           1  0.444444418    
 Particle, Decay, Prob.=          29           2  0.666666627    
 Particle, Decay, Prob.=          29           3  0.777777731    
 Particle, Decay, Prob.=          29           4  0.888888836    
 Particle, Decay, Prob.=          29           5  0.999999940    

 Particle, Decay, Prob.=          30           1  0.700299740    
 Particle, Decay, Prob.=          30           2  0.845154881    
 Particle, Decay, Prob.=          30           3  0.951048970    
 Particle, Decay, Prob.=          30           4  0.963286757    
 Particle, Decay, Prob.=          30           5  0.987762272    
 Particle, Decay, Prob.=          30           6   1.00000000    

 Particle, Decay, Prob.=          31           1  0.736344516    
 Particle, Decay, Prob.=          31           2  0.888655424    
 Particle, Decay, Prob.=          31           3  0.999999940    

 Particle, Decay, Prob.=          32           1  0.571428597    
 Particle, Decay, Prob.=          32           2  0.857142925    
 Particle, Decay, Prob.=          32           3   1.00000012    

 Particle, Decay, Prob.=          33           1   1.00000000    

 Particle, Decay, Prob.=          34           1   1.00000000    

 Particle, Decay, Prob.=          35           1  0.142857134    
 Particle, Decay, Prob.=          35           2  0.285714269    
 Particle, Decay, Prob.=          35           3  0.428571403    
 Particle, Decay, Prob.=          35           4  0.571428537    
 Particle, Decay, Prob.=          35           5  0.714285672    
 Particle, Decay, Prob.=          35           6  0.857142806    
 Particle, Decay, Prob.=          35           7  0.999999940    

 Particle, Decay, Prob.=          36           1  0.333333343    
 Particle, Decay, Prob.=          36           2  0.666666687    
 Particle, Decay, Prob.=          36           3   1.00000000    

 Particle, Decay, Prob.=          37           1  0.333333343    
 Particle, Decay, Prob.=          37           2  0.666666687    
 Particle, Decay, Prob.=          37           3   1.00000000    

 Particle, Decay, Prob.=          38           1  0.736344516    
 Particle, Decay, Prob.=          38           2  0.888655424    
 Particle, Decay, Prob.=          38           3  0.999999940    

 Particle, Decay, Prob.=          39           1  0.736344516    
 Particle, Decay, Prob.=          39           2  0.888655424    
 Particle, Decay, Prob.=          39           3  0.999999940    

 Particle, Decay, Prob.=          40           1  0.142857149    
 Particle, Decay, Prob.=          40           2  0.428571463    
 Particle, Decay, Prob.=          40           3   1.00000000    

 Particle, Decay, Prob.=          41           1  0.137966812    
 Particle, Decay, Prob.=          41           2  0.413900435    
 Particle, Decay, Prob.=          41           3  0.470954388    
 Particle, Decay, Prob.=          41           4  0.927385926    
 Particle, Decay, Prob.=          41           5  0.980290473    
 Particle, Decay, Prob.=          41           6   1.00000000    

 Particle, Decay, Prob.=          42           1  0.125994086    
 Particle, Decay, Prob.=          42           2  0.377982259    
 Particle, Decay, Prob.=          42           3  0.881844997    
 Particle, Decay, Prob.=          42           4  0.999999940    

 Particle, Decay, Prob.=          43           1  0.573904216    
 Particle, Decay, Prob.=          43           2  0.678899109    
 Particle, Decay, Prob.=          43           3  0.783894002    
 Particle, Decay, Prob.=          43           4  0.888888896    
 Particle, Decay, Prob.=          43           5   1.00000000    

 Particle, Decay, Prob.=          44           1  0.573319793    
 Particle, Decay, Prob.=          44           2  0.731160939    
 Particle, Decay, Prob.=          44           3  0.889002085    
 Particle, Decay, Prob.=          44           4   1.00000000    

 Particle, Stable, jpar=          45 K0s  

 Particle, Decay, Prob.=          46           1  0.500000000    
 Particle, Decay, Prob.=          46           2   1.00000000    

 Particle, Decay, Prob.=          47           1  0.500000000    
 Particle, Decay, Prob.=          47           2   1.00000000    

 Particle, Decay, Prob.=          48           1  0.500000000    
 Particle, Decay, Prob.=          48           2   1.00000000    

 Particle, Decay, Prob.=          49           1  0.477903396    
 Particle, Decay, Prob.=          49           2  0.955806792    
 Particle, Decay, Prob.=          49           3   1.00000000    

 Particle, Decay, Prob.=          50           1  0.477903396    
 Particle, Decay, Prob.=          50           2  0.955806792    
 Particle, Decay, Prob.=          50           3   1.00000000    

 Particle, Decay, Prob.=          51           1  0.258264452    
 Particle, Decay, Prob.=          51           2  0.516528904    
 Particle, Decay, Prob.=          51           3  0.644111514    
 Particle, Decay, Prob.=          51           4  0.771694183    
 Particle, Decay, Prob.=          51           5  0.806301594    
 Particle, Decay, Prob.=          51           6  0.875516474    
 Particle, Decay, Prob.=          51           7  0.910123944    
 Particle, Decay, Prob.=          51           8  0.955061972    
 Particle, Decay, Prob.=          51           9   1.00000000    

 Particle, Decay, Prob.=          52           1  0.258264452    
 Particle, Decay, Prob.=          52           2  0.516528904    
 Particle, Decay, Prob.=          52           3  0.644111514    
 Particle, Decay, Prob.=          52           4  0.771694183    
 Particle, Decay, Prob.=          52           5  0.806301594    
 Particle, Decay, Prob.=          52           6  0.875516474    
 Particle, Decay, Prob.=          52           7  0.910123944    
 Particle, Decay, Prob.=          52           8  0.955061972    
 Particle, Decay, Prob.=          52           9   1.00000000    

 Particle, Decay, Prob.=          53           1  0.193499997    
 Particle, Decay, Prob.=          53           2  0.386999995    
 Particle, Decay, Prob.=          53           3  0.544000030    
 Particle, Decay, Prob.=          53           4  0.701000035    
 Particle, Decay, Prob.=          53           5  0.850500047    
 Particle, Decay, Prob.=          53           6   1.00000000    

 Particle, Decay, Prob.=          54           1  0.193499997    
 Particle, Decay, Prob.=          54           2  0.386999995    
 Particle, Decay, Prob.=          54           3  0.544000030    
 Particle, Decay, Prob.=          54           4  0.701000035    
 Particle, Decay, Prob.=          54           5  0.850500047    
 Particle, Decay, Prob.=          54           6   1.00000000    

 Particle, Decay, Prob.=          55           1   9.50454921E-02
 Particle, Decay, Prob.=          55           2  0.190090984    
 Particle, Decay, Prob.=          55           3  0.342264891    
 Particle, Decay, Prob.=          55           4  0.494438797    
 Particle, Decay, Prob.=          55           5  0.595551014    
 Particle, Decay, Prob.=          55           6  0.696663260    
 Particle, Decay, Prob.=          55           7   1.00000000    

 Particle, Decay, Prob.=          56           1   9.50454921E-02
 Particle, Decay, Prob.=          56           2  0.190090984    
 Particle, Decay, Prob.=          56           3  0.342264891    
 Particle, Decay, Prob.=          56           4  0.494438797    
 Particle, Decay, Prob.=          56           5  0.595551014    
 Particle, Decay, Prob.=          56           6  0.696663260    
 Particle, Decay, Prob.=          56           7   1.00000000    

 Particle, Decay, Prob.=          57           1  0.202282771    
 Particle, Decay, Prob.=          57           2  0.606848300    
 Particle, Decay, Prob.=          57           3  0.751788914    
 Particle, Decay, Prob.=          57           4  0.965576351    
 Particle, Decay, Prob.=          57           5  0.982788026    
 Particle, Decay, Prob.=          57           6  0.999999702    

 Particle, Decay, Prob.=          58           1  0.202282771    
 Particle, Decay, Prob.=          58           2  0.606848300    
 Particle, Decay, Prob.=          58           3  0.751788914    
 Particle, Decay, Prob.=          58           4  0.965576351    
 Particle, Decay, Prob.=          58           5  0.982788026    
 Particle, Decay, Prob.=          58           6  0.999999702    

 Particle, Decay, Prob.=          59           1  0.333333343    
 Particle, Decay, Prob.=          59           2  0.666666687    
 Particle, Decay, Prob.=          59           3  0.833333373    
 Particle, Decay, Prob.=          59           4   1.00000000    

 Particle, Decay, Prob.=          60           1  0.333333343    
 Particle, Decay, Prob.=          60           2   1.00000000    

 Particle, Decay, Prob.=          61           1   1.00000000    

 Particle, Decay, Prob.=          62           1  0.333333343    
 Particle, Decay, Prob.=          62           2   1.00000000    

 Particle, Decay, Prob.=          63           1   1.00000000    

 Particle, Decay, Prob.=          64           1   1.00000000    

 Particle, Decay, Prob.=          65           1   1.00000000    

 Particle, Decay, Prob.=          66           1   1.00000000    

 Particle, Decay, Prob.=          67           1   1.00000000    

 Particle, Decay, Prob.=          68           1   1.00000000    

 Particle, Decay, Prob.=          69           1   1.00000000    

 Particle, Decay, Prob.=          70           1   1.00000000    

 Particle, Decay, Prob.=          71           1   1.00000000    

 Particle, Decay, Prob.=          72           1   1.00000000    

 Particle, Decay, Prob.=          73           1   1.00000000    

 Particle, Decay, Prob.=          74           1   1.00000000    

 Particle, Decay, Prob.=          75           1   1.00000000    


 RegGenevent, Beam=   7.00000000     GeV/c           8           8 Iseed=      777555
 =================================================================

 Res. Nb, Channel Nb, Problt:           1           1   1.00000000    
 Res. Nb, Channel Nb, Problt:           2           1  0.546678305    
 Res. Nb, Channel Nb, Problt:           2           2  0.452946126    
 Res. Nb, Channel Nb, Problt:           2           3   3.75484989E-04
 Res. Nb, Channel Nb, Problt:           3           1   1.00000000    
 Res. Nb, Channel Nb, Problt:           4           1   1.00000000    
 Res. Nb, Channel Nb, Problt:           5           1   1.00000000    
 Res. Nb, Channel Nb, Problt:           6           1   1.00000000    
 Res. Nb, Channel Nb, Problt:           7           1   1.00000000    
 Res. Nb, Channel Nb, Problt:           8           1   1.00000000    
 Egamma=   7.0000225830330347     
 Egamma=   7.0000225830330347     
 Egamma=   7.0000225830330347     
 Egamma=   7.0000225830330347     
 Egamma=   7.0000225830330347     
 Egamma=   7.0000225830330347     
 Egamma=   7.0000225830330347     
 Egamma=   7.0000225830330347     
 Egamma=   7.0000225830330347     
 Egamma=   7.0000225830330347     
 Egamma=   7.0000225830330347     
 Egamma=   7.0000225830330347     
 Egamma=   7.0000225830330347     
 Egamma=   7.0000225830330347     
 Egamma=   7.0000225830330347     
 Egamma=   7.0000225830330347     
 Egamma=   7.0000225830330347     
 Egamma=   7.0000225830330347     
 Egamma=   7.0000225830330347     
 Egamma=   7.0000225830330347     
 Egamma=   7.0000225830330347     
 Egamma=   7.0000225830330347     
 Egamma=   7.0000225830330347     
 Egamma=   7.0000225830330347     
 Egamma=   7.0000225830330347     
 Egamma=   7.0000225830330347     
 Egamma=   7.0000225830330347     
 Egamma=   7.0000225830330347     
 Egamma=   7.0000225830330347     
 Egamma=   7.0000225830330347     
 Egamma=   7.0000225830330347     
 Egamma=   7.0000225830330347     
 Egamma=   7.0000225830330347     
 Egamma=   7.0000225830330347     
 Egamma=   7.0000225830330347     
 Egamma=   7.0000225830330347     
 Egamma=   7.0000225830330347     
 Egamma=   7.0000225830330347     
 Egamma=   7.0000225830330347     
 Egamma=   7.0000225830330347     
 Egamma=   7.0000225830330347     
 Egamma=   7.0000225830330347     
 Egamma=   7.0000225830330347     
 Egamma=   7.0000225830330347     
 Egamma=   7.0000225830330347     
 Egamma=   7.0000225830330347     
 Egamma=   7.0000225830330347     
 Egamma=   7.0000225830330347     
 Egamma=   7.0000225830330347     
 Egamma=   7.0000225830330347     
 Egamma=   7.0000225830330347     
 Egamma=   7.0000225830330347     
 Egamma=   7.0000225830330347     
 Egamma=   7.0000225830330347     
 Egamma=   7.0000225830330347     
 Egamma=   7.0000225830330347     
 Egamma=   7.0000225830330347     
 Egamma=   7.0000225830330347     
 Egamma=   7.0000225830330347     
 Egamma=   7.0000225830330347     
 Egamma=   7.0000225830330347     
 Egamma=   7.0000225830330347     
 Egamma=   7.0000225830330347     
 Egamma=   7.0000225830330347     
 Egamma=   7.0000225830330347     
 Egamma=   7.0000225830330347     
 Egamma=   7.0000225830330347     
 Egamma=   7.0000225830330347     
 Egamma=   7.0000225830330347     
 Egamma=   7.0000225830330347     
 Egamma=   7.0000225830330347     
 Egamma=   7.0000225830330347     
 Egamma=   7.0000225830330347     
 Egamma=   7.0000225830330347     
 Egamma=   7.0000225830330347     
 Egamma=   7.0000225830330347     
 Egamma=   7.0000225830330347     
 Egamma=   7.0000225830330347     
 Egamma=   7.0000225830330347     
 Egamma=   7.0000225830330347     
 Egamma=   7.0000225830330347     
 Egamma=   7.0000225830330347     
 Egamma=   7.0000225830330347     
 Egamma=   7.0000225830330347     
 Egamma=   7.0000225830330347     
 Egamma=   7.0000225830330347     
 Egamma=   7.0000225830330347     
 Egamma=   7.0000225830330347     
 Egamma=   7.0000225830330347     
 Egamma=   7.0000225830330347     
 Egamma=   7.0000225830330347     
 Egamma=   7.0000225830330347     
 Egamma=   7.0000225830330347     
 Egamma=   7.0000225830330347     
 Egamma=   7.0000225830330347     
 Egamma=   7.0000225830330347     
 Egamma=   7.0000225830330347     
 Egamma=   7.0000225830330347     
 Egamma=   7.0000225830330347     
 MAIN: Iev =         100
 Egamma=   7.0000225830330347     
